<?xml version="1.0" encoding="UTF-8"?>
<!-- Generated by org.testng.reporters.JUnitReportReporter -->
<testsuite skipped="0" hostname="Алекс-ПК" name="by.htp.news.service.impl.TestService" tests="3" failures="0" timestamp="30 Sep 2017 07:27:35 GMT" time="1.832" errors="0">
  <testcase name="addNewsTest" time="0.431" classname="by.htp.news.service.impl.TestService"/>
  <testcase name="listNewsTestHomepage" time="0.941" classname="by.htp.news.service.impl.TestService"/>
  <testcase name="viewPageTest" time="0.460" classname="by.htp.news.service.impl.TestService"/>
</testsuite> <!-- by.htp.news.service.impl.TestService -->
